# JRE version: Java(TM) SE Runtime Environment (8.0_221-b11) (build 1.8.0_221-b11)
# Java VM: Java HotSpot(TM) 64-Bit Server VM (25.221-b11 mixed mode windows-amd64 compressed oops)
Heap:
 PSYoungGen      total 278016K, used 89937K [0x000000076bc00000, 0x000000078a400000, 0x00000007c0000000)
  eden space 254464K, 35% used [0x000000076bc00000,0x00000007713d46b0,0x000000077b480000)
  from space 23552K, 0% used [0x000000077b480000,0x000000077b480000,0x000000077cb80000)
  to   space 31744K, 0% used [0x0000000788500000,0x0000000788500000,0x000000078a400000)
 ParOldGen       total 165376K, used 58256K [0x00000006c3400000, 0x00000006cd580000, 0x000000076bc00000)
  object space 165376K, 35% used [0x00000006c3400000,0x00000006c6ce4108,0x00000006cd580000)
 Metaspace       used 36895K, capacity 38162K, committed 38272K, reserved 1083392K
  class space    used 4333K, capacity 4669K, committed 4736K, reserved 1048576K
GC Heap History (10 events):
Event: 8.586 GC heap before
{Heap before GC invocations=5 (full 0):
 PSYoungGen      total 140800K, used 28882K [0x000000076bc00000, 0x0000000775000000, 0x00000007c0000000)
  eden space 130048K, 13% used [0x000000076bc00000,0x000000076cdb88b0,0x0000000773b00000)
  from space 10752K, 99% used [0x0000000774580000,0x0000000774ffc030,0x0000000775000000)
  to   space 10752K, 0% used [0x0000000773b00000,0x0000000773b00000,0x0000000774580000)
 ParOldGen       total 173568K, used 22546K [0x00000006c3400000, 0x00000006cdd80000, 0x000000076bc00000)
  object space 173568K, 12% used [0x00000006c3400000,0x00000006c4a04920,0x00000006cdd80000)
 Metaspace       used 20827K, capacity 21126K, committed 21296K, reserved 1069056K
  class space    used 2245K, capacity 2363K, committed 2432K, reserved 1048576K
Event: 8.593 GC heap after
Heap after GC invocations=5 (full 0):
 PSYoungGen      total 140800K, used 10736K [0x000000076bc00000, 0x000000077e800000, 0x00000007c0000000)
  eden space 130048K, 0% used [0x000000076bc00000,0x000000076bc00000,0x0000000773b00000)
  from space 10752K, 99% used [0x0000000773b00000,0x000000077457c030,0x0000000774580000)
  to   space 23552K, 0% used [0x000000077d100000,0x000000077d100000,0x000000077e800000)
 ParOldGen       total 173568K, used 23766K [0x00000006c3400000, 0x00000006cdd80000, 0x000000076bc00000)
  object space 173568K, 13% used [0x00000006c3400000,0x00000006c4b35b68,0x00000006cdd80000)
 Metaspace       used 20827K, capacity 21126K, committed 21296K, reserved 1069056K
  class space    used 2245K, capacity 2363K, committed 2432K, reserved 1048576K
}
Event: 8.593 GC heap before
{Heap before GC invocations=6 (full 1):
 PSYoungGen      total 140800K, used 10736K [0x000000076bc00000, 0x000000077e800000, 0x00000007c0000000)
  eden space 130048K, 0% used [0x000000076bc00000,0x000000076bc00000,0x0000000773b00000)
  from space 10752K, 99% used [0x0000000773b00000,0x000000077457c030,0x0000000774580000)
  to   space 23552K, 0% used [0x000000077d100000,0x000000077d100000,0x000000077e800000)
 ParOldGen       total 173568K, used 23766K [0x00000006c3400000, 0x00000006cdd80000, 0x000000076bc00000)
  object space 173568K, 13% used [0x00000006c3400000,0x00000006c4b35b68,0x00000006cdd80000)
 Metaspace       used 20827K, capacity 21126K, committed 21296K, reserved 1069056K
  class space    used 2245K, capacity 2363K, committed 2432K, reserved 1048576K
Event: 8.627 GC heap after
Heap after GC invocations=6 (full 1):
 PSYoungGen      total 140800K, used 0K [0x000000076bc00000, 0x000000077e800000, 0x00000007c0000000)
  eden space 130048K, 0% used [0x000000076bc00000,0x000000076bc00000,0x0000000773b00000)
  from space 10752K, 0% used [0x0000000773b00000,0x0000000773b00000,0x0000000774580000)
  to   space 23552K, 0% used [0x000000077d100000,0x000000077d100000,0x000000077e800000)
 ParOldGen       total 112640K, used 25469K [0x00000006c3400000, 0x00000006ca200000, 0x000000076bc00000)
  object space 112640K, 22% used [0x00000006c3400000,0x00000006c4cdf598,0x00000006ca200000)
 Metaspace       used 20827K, capacity 21126K, committed 21296K, reserved 1069056K
  class space    used 2245K, capacity 2363K, committed 2432K, reserved 1048576K
}
Event: 20.236 GC heap before
{Heap before GC invocations=7 (full 1):
 PSYoungGen      total 140800K, used 130048K [0x000000076bc00000, 0x000000077e800000, 0x00000007c0000000)
  eden space 130048K, 100% used [0x000000076bc00000,0x0000000773b00000,0x0000000773b00000)
  from space 10752K, 0% used [0x0000000773b00000,0x0000000773b00000,0x0000000774580000)
  to   space 23552K, 0% used [0x000000077d100000,0x000000077d100000,0x000000077e800000)
 ParOldGen       total 112640K, used 25469K [0x00000006c3400000, 0x00000006ca200000, 0x000000076bc00000)
  object space 112640K, 22% used [0x00000006c3400000,0x00000006c4cdf598,0x00000006ca200000)
 Metaspace       used 27975K, capacity 28886K, committed 29056K, reserved 1075200K
  class space    used 3205K, capacity 3439K, committed 3456K, reserved 1048576K
Event: 20.246 GC heap after
Heap after GC invocations=7 (full 1):
 PSYoungGen      total 254464K, used 17437K [0x000000076bc00000, 0x000000077e280000, 0x00000007c0000000)
  eden space 236544K, 0% used [0x000000076bc00000,0x000000076bc00000,0x000000077a300000)
  from space 17920K, 97% used [0x000000077d100000,0x000000077e207440,0x000000077e280000)
  to   space 23552K, 0% used [0x000000077b480000,0x000000077b480000,0x000000077cb80000)
 ParOldGen       total 112640K, used 25477K [0x00000006c3400000, 0x00000006ca200000, 0x000000076bc00000)
  object space 112640K, 22% used [0x00000006c3400000,0x00000006c4ce1598,0x00000006ca200000)
 Metaspace       used 27975K, capacity 28886K, committed 29056K, reserved 1075200K
  class space    used 3205K, capacity 3439K, committed 3456K, reserved 1048576K
}
Event: 20.995 GC heap before
{Heap before GC invocations=8 (full 1):
 PSYoungGen      total 254464K, used 173669K [0x000000076bc00000, 0x000000077e280000, 0x00000007c0000000)
  eden space 236544K, 66% used [0x000000076bc00000,0x0000000775492100,0x000000077a300000)
  from space 17920K, 97% used [0x000000077d100000,0x000000077e207440,0x000000077e280000)
  to   space 23552K, 0% used [0x000000077b480000,0x000000077b480000,0x000000077cb80000)
 ParOldGen       total 112640K, used 25477K [0x00000006c3400000, 0x00000006ca200000, 0x000000076bc00000)
  object space 112640K, 22% used [0x00000006c3400000,0x00000006c4ce1598,0x00000006ca200000)
 Metaspace       used 34356K, capacity 35402K, committed 35496K, reserved 1081344K
  class space    used 4016K, capacity 4317K, committed 4352K, reserved 1048576K
Event: 21.020 GC heap after
Heap after GC invocations=8 (full 1):
 PSYoungGen      total 278016K, used 23520K [0x000000076bc00000, 0x000000078a400000, 0x00000007c0000000)
  eden space 254464K, 0% used [0x000000076bc00000,0x000000076bc00000,0x000000077b480000)
  from space 23552K, 99% used [0x000000077b480000,0x000000077cb781e0,0x000000077cb80000)
  to   space 31744K, 0% used [0x0000000788500000,0x0000000788500000,0x000000078a400000)
 ParOldGen       total 112640K, used 35872K [0x00000006c3400000, 0x00000006ca200000, 0x000000076bc00000)
  object space 112640K, 31% used [0x00000006c3400000,0x00000006c57080d0,0x00000006ca200000)
 Metaspace       used 34356K, capacity 35402K, committed 35496K, reserved 1081344K
  class space    used 4016K, capacity 4317K, committed 4352K, reserved 1048576K
}
Event: 21.020 GC heap before
{Heap before GC invocations=9 (full 2):
 PSYoungGen      total 278016K, used 23520K [0x000000076bc00000, 0x000000078a400000, 0x00000007c0000000)
  eden space 254464K, 0% used [0x000000076bc00000,0x000000076bc00000,0x000000077b480000)
  from space 23552K, 99% used [0x000000077b480000,0x000000077cb781e0,0x000000077cb80000)
  to   space 31744K, 0% used [0x0000000788500000,0x0000000788500000,0x000000078a400000)
 ParOldGen       total 112640K, used 35872K [0x00000006c3400000, 0x00000006ca200000, 0x000000076bc00000)
  object space 112640K, 31% used [0x00000006c3400000,0x00000006c57080d0,0x00000006ca200000)
 Metaspace       used 34356K, capacity 35402K, committed 35496K, reserved 1081344K
  class space    used 4016K, capacity 4317K, committed 4352K, reserved 1048576K
Event: 21.131 GC heap after
Heap after GC invocations=9 (full 2):
 PSYoungGen      total 278016K, used 0K [0x000000076bc00000, 0x000000078a400000, 0x00000007c0000000)
  eden space 254464K, 0% used [0x000000076bc00000,0x000000076bc00000,0x000000077b480000)
  from space 23552K, 0% used [0x000000077b480000,0x000000077b480000,0x000000077cb80000)
  to   space 31744K, 0% used [0x0000000788500000,0x0000000788500000,0x000000078a400000)
 ParOldGen       total 165376K, used 58256K [0x00000006c3400000, 0x00000006cd580000, 0x000000076bc00000)
  object space 165376K, 35% used [0x00000006c3400000,0x00000006c6ce4108,0x00000006cd580000)
 Metaspace       used 34356K, capacity 35402K, committed 35496K, reserved 1081344K
  class space    used 4016K, capacity 4317K, committed 4352K, reserved 1048576K
}

