<?xml version="1.0" encoding="UTF-8"?>
<testng-results skipped="0" failed="0" ignored="0" total="23" passed="23">
  <reporter-output>
  </reporter-output>
  <suite name="Nordson OMU Web App Regression Tests on Chrome" duration-ms="543690" started-at="2021-02-24T19:34:16 IST" finished-at="2021-02-24T19:43:19 IST">
    <groups>
    </groups>
    <test name="Nordson OMU Web App Regression Tests on Chrome" duration-ms="543690" started-at="2021-02-24T19:34:16 IST" finished-at="2021-02-24T19:43:19 IST">
      <class name="com.nordson.testCases.TC_Pressure_Min_Max_Data_Validations">
        <test-method status="PASS" signature="setUp(java.lang.String)[pri:0, instance:com.nordson.testCases.TC_Pressure_Min_Max_Data_Validations@4f6ee6e4]" name="setUp" is-config="true" duration-ms="8151" started-at="2021-02-24T19:38:06 IST" finished-at="2021-02-24T19:38:14 IST">
          <params>
            <param index="0">
              <value>
                <![CDATA[chrome]]>
              </value>
            </param>
          </params>
          <reporter-output>
          </reporter-output>
        </test-method> <!-- setUp -->
        <test-method status="PASS" signature="implictwaits()[pri:0, instance:com.nordson.testCases.TC_Pressure_Min_Max_Data_Validations@4f6ee6e4]" name="implictwaits" is-config="true" duration-ms="10" started-at="2021-02-24T19:38:14 IST" finished-at="2021-02-24T19:38:14 IST">
          <reporter-output>
          </reporter-output>
        </test-method> <!-- implictwaits -->
        <test-method status="PASS" signature="loginDDT(java.lang.String, java.lang.String)[pri:0, instance:com.nordson.testCases.TC_Pressure_Min_Max_Data_Validations@4f6ee6e4]" name="loginDDT" duration-ms="6776" started-at="2021-02-24T19:38:14 IST" data-provider="LoginTestData" finished-at="2021-02-24T19:38:21 IST">
          <params>
            <param index="0">
              <value>
                <![CDATA[raviuser@yopmail.com]]>
              </value>
            </param>
            <param index="1">
              <value>
                <![CDATA[12345678]]>
              </value>
            </param>
          </params>
          <reporter-output>
          </reporter-output>
        </test-method> <!-- loginDDT -->
        <test-method status="PASS" signature="implictwaits()[pri:0, instance:com.nordson.testCases.TC_Pressure_Min_Max_Data_Validations@4f6ee6e4]" name="implictwaits" is-config="true" duration-ms="14" started-at="2021-02-24T19:38:21 IST" finished-at="2021-02-24T19:38:21 IST">
          <reporter-output>
          </reporter-output>
        </test-method> <!-- implictwaits -->
        <test-method status="PASS" signature="Pressure_Validation_Kpa_Clear_Data_Min_Save()[pri:1, instance:com.nordson.testCases.TC_Pressure_Min_Max_Data_Validations@4f6ee6e4]" name="Pressure_Validation_Kpa_Clear_Data_Min_Save" duration-ms="33200" started-at="2021-02-24T19:38:21 IST" finished-at="2021-02-24T19:38:54 IST">
          <reporter-output>
          </reporter-output>
        </test-method> <!-- Pressure_Validation_Kpa_Clear_Data_Min_Save -->
        <test-method status="PASS" signature="implictwaits()[pri:0, instance:com.nordson.testCases.TC_Pressure_Min_Max_Data_Validations@4f6ee6e4]" name="implictwaits" is-config="true" duration-ms="3" started-at="2021-02-24T19:38:54 IST" finished-at="2021-02-24T19:38:54 IST">
          <reporter-output>
          </reporter-output>
        </test-method> <!-- implictwaits -->
        <test-method status="PASS" signature="Pressure_Validation_Kpa_Clear_Data_Max_Save()[pri:2, instance:com.nordson.testCases.TC_Pressure_Min_Max_Data_Validations@4f6ee6e4]" name="Pressure_Validation_Kpa_Clear_Data_Max_Save" duration-ms="9582" started-at="2021-02-24T19:38:54 IST" finished-at="2021-02-24T19:39:04 IST">
          <reporter-output>
          </reporter-output>
        </test-method> <!-- Pressure_Validation_Kpa_Clear_Data_Max_Save -->
        <test-method status="PASS" signature="implictwaits()[pri:0, instance:com.nordson.testCases.TC_Pressure_Min_Max_Data_Validations@4f6ee6e4]" name="implictwaits" is-config="true" duration-ms="15" started-at="2021-02-24T19:39:04 IST" finished-at="2021-02-24T19:39:04 IST">
          <reporter-output>
          </reporter-output>
        </test-method> <!-- implictwaits -->
        <test-method status="PASS" signature="PressureValues_Kpa_Min_0_Max_0(java.lang.String, java.lang.String)[pri:3, instance:com.nordson.testCases.TC_Pressure_Min_Max_Data_Validations@4f6ee6e4]" name="PressureValues_Kpa_Min_0_Max_0" duration-ms="21068" started-at="2021-02-24T19:39:04 IST" data-provider="PressureValuesMinMax0_0" finished-at="2021-02-24T19:39:25 IST">
          <params>
            <param index="0">
              <value>
                <![CDATA[0]]>
              </value>
            </param>
            <param index="1">
              <value>
                <![CDATA[0]]>
              </value>
            </param>
          </params>
          <reporter-output>
          </reporter-output>
        </test-method> <!-- PressureValues_Kpa_Min_0_Max_0 -->
        <test-method status="PASS" signature="implictwaits()[pri:0, instance:com.nordson.testCases.TC_Pressure_Min_Max_Data_Validations@4f6ee6e4]" name="implictwaits" is-config="true" duration-ms="17" started-at="2021-02-24T19:39:25 IST" finished-at="2021-02-24T19:39:25 IST">
          <reporter-output>
          </reporter-output>
        </test-method> <!-- implictwaits -->
        <test-method status="PASS" signature="PressureValues_Kpa_Min_0_Max_691(java.lang.String, java.lang.String)[pri:4, instance:com.nordson.testCases.TC_Pressure_Min_Max_Data_Validations@4f6ee6e4]" name="PressureValues_Kpa_Min_0_Max_691" duration-ms="21221" started-at="2021-02-24T19:39:25 IST" data-provider="PressureValuesMinMax_0_691" finished-at="2021-02-24T19:39:46 IST">
          <params>
            <param index="0">
              <value>
                <![CDATA[0]]>
              </value>
            </param>
            <param index="1">
              <value>
                <![CDATA[691]]>
              </value>
            </param>
          </params>
          <reporter-output>
          </reporter-output>
        </test-method> <!-- PressureValues_Kpa_Min_0_Max_691 -->
        <test-method status="PASS" signature="implictwaits()[pri:0, instance:com.nordson.testCases.TC_Pressure_Min_Max_Data_Validations@4f6ee6e4]" name="implictwaits" is-config="true" duration-ms="17" started-at="2021-02-24T19:39:46 IST" finished-at="2021-02-24T19:39:46 IST">
          <reporter-output>
          </reporter-output>
        </test-method> <!-- implictwaits -->
        <test-method status="PASS" signature="PressureValues_Kpa_Min_0_Max_690(java.lang.String, java.lang.String)[pri:5, instance:com.nordson.testCases.TC_Pressure_Min_Max_Data_Validations@4f6ee6e4]" name="PressureValues_Kpa_Min_0_Max_690" duration-ms="6434" started-at="2021-02-24T19:39:46 IST" data-provider="PressureValuesMinMax_0_690" finished-at="2021-02-24T19:39:53 IST">
          <params>
            <param index="0">
              <value>
                <![CDATA[0]]>
              </value>
            </param>
            <param index="1">
              <value>
                <![CDATA[690]]>
              </value>
            </param>
          </params>
          <reporter-output>
          </reporter-output>
        </test-method> <!-- PressureValues_Kpa_Min_0_Max_690 -->
        <test-method status="PASS" signature="implictwaits()[pri:0, instance:com.nordson.testCases.TC_Pressure_Min_Max_Data_Validations@4f6ee6e4]" name="implictwaits" is-config="true" duration-ms="9" started-at="2021-02-24T19:39:53 IST" finished-at="2021-02-24T19:39:53 IST">
          <reporter-output>
          </reporter-output>
        </test-method> <!-- implictwaits -->
        <test-method status="PASS" signature="Pressure_Validation_BAR_Clear_Data_Min_Save()[pri:6, instance:com.nordson.testCases.TC_Pressure_Min_Max_Data_Validations@4f6ee6e4]" name="Pressure_Validation_BAR_Clear_Data_Min_Save" duration-ms="28120" started-at="2021-02-24T19:39:53 IST" finished-at="2021-02-24T19:40:21 IST">
          <reporter-output>
          </reporter-output>
        </test-method> <!-- Pressure_Validation_BAR_Clear_Data_Min_Save -->
        <test-method status="PASS" signature="implictwaits()[pri:0, instance:com.nordson.testCases.TC_Pressure_Min_Max_Data_Validations@4f6ee6e4]" name="implictwaits" is-config="true" duration-ms="4" started-at="2021-02-24T19:40:21 IST" finished-at="2021-02-24T19:40:21 IST">
          <reporter-output>
          </reporter-output>
        </test-method> <!-- implictwaits -->
        <test-method status="PASS" signature="Pressure_Validation_BAR_Clear_Data_Max_Save()[pri:7, instance:com.nordson.testCases.TC_Pressure_Min_Max_Data_Validations@4f6ee6e4]" name="Pressure_Validation_BAR_Clear_Data_Max_Save" duration-ms="24327" started-at="2021-02-24T19:40:21 IST" finished-at="2021-02-24T19:40:45 IST">
          <reporter-output>
          </reporter-output>
        </test-method> <!-- Pressure_Validation_BAR_Clear_Data_Max_Save -->
        <test-method status="PASS" signature="implictwaits()[pri:0, instance:com.nordson.testCases.TC_Pressure_Min_Max_Data_Validations@4f6ee6e4]" name="implictwaits" is-config="true" duration-ms="17" started-at="2021-02-24T19:40:45 IST" finished-at="2021-02-24T19:40:45 IST">
          <reporter-output>
          </reporter-output>
        </test-method> <!-- implictwaits -->
        <test-method status="PASS" signature="PressureValues_BAR_Same_Min_Max(java.lang.String, java.lang.String)[pri:8, instance:com.nordson.testCases.TC_Pressure_Min_Max_Data_Validations@4f6ee6e4]" name="PressureValues_BAR_Same_Min_Max" duration-ms="21229" started-at="2021-02-24T19:40:45 IST" data-provider="PressureValues_BAR_MinMax_7_7" finished-at="2021-02-24T19:41:06 IST">
          <params>
            <param index="0">
              <value>
                <![CDATA[7]]>
              </value>
            </param>
            <param index="1">
              <value>
                <![CDATA[7]]>
              </value>
            </param>
          </params>
          <reporter-output>
          </reporter-output>
        </test-method> <!-- PressureValues_BAR_Same_Min_Max -->
        <test-method status="PASS" signature="implictwaits()[pri:0, instance:com.nordson.testCases.TC_Pressure_Min_Max_Data_Validations@4f6ee6e4]" name="implictwaits" is-config="true" duration-ms="16" started-at="2021-02-24T19:41:07 IST" finished-at="2021-02-24T19:41:07 IST">
          <reporter-output>
          </reporter-output>
        </test-method> <!-- implictwaits -->
        <test-method status="PASS" signature="PressureValues_Min_19_Max_2(java.lang.String, java.lang.String)[pri:9, instance:com.nordson.testCases.TC_Pressure_Min_Max_Data_Validations@4f6ee6e4]" name="PressureValues_Min_19_Max_2" duration-ms="21158" started-at="2021-02-24T19:41:07 IST" data-provider="PressureValuesMinMax_1.9_2" finished-at="2021-02-24T19:41:28 IST">
          <params>
            <param index="0">
              <value>
                <![CDATA[1.9]]>
              </value>
            </param>
            <param index="1">
              <value>
                <![CDATA[2]]>
              </value>
            </param>
          </params>
          <reporter-output>
          </reporter-output>
        </test-method> <!-- PressureValues_Min_19_Max_2 -->
        <test-method status="PASS" signature="implictwaits()[pri:0, instance:com.nordson.testCases.TC_Pressure_Min_Max_Data_Validations@4f6ee6e4]" name="implictwaits" is-config="true" duration-ms="4" started-at="2021-02-24T19:41:28 IST" finished-at="2021-02-24T19:41:28 IST">
          <reporter-output>
          </reporter-output>
        </test-method> <!-- implictwaits -->
        <test-method status="PASS" signature="PressureValuesMin_0_Max_690(java.lang.String, java.lang.String)[pri:10, instance:com.nordson.testCases.TC_Pressure_Min_Max_Data_Validations@4f6ee6e4]" name="PressureValuesMin_0_Max_690" duration-ms="6349" started-at="2021-02-24T19:41:28 IST" data-provider="PressureValues_MinMax_0_6.9" finished-at="2021-02-24T19:41:34 IST">
          <params>
            <param index="0">
              <value>
                <![CDATA[0]]>
              </value>
            </param>
            <param index="1">
              <value>
                <![CDATA[6.9]]>
              </value>
            </param>
          </params>
          <reporter-output>
          </reporter-output>
        </test-method> <!-- PressureValuesMin_0_Max_690 -->
        <test-method status="PASS" signature="implictwaits()[pri:0, instance:com.nordson.testCases.TC_Pressure_Min_Max_Data_Validations@4f6ee6e4]" name="implictwaits" is-config="true" duration-ms="11" started-at="2021-02-24T19:41:34 IST" finished-at="2021-02-24T19:41:34 IST">
          <reporter-output>
          </reporter-output>
        </test-method> <!-- implictwaits -->
        <test-method status="PASS" signature="Pressure_Validation_PSI_Clear_Data_Min_Save()[pri:11, instance:com.nordson.testCases.TC_Pressure_Min_Max_Data_Validations@4f6ee6e4]" name="Pressure_Validation_PSI_Clear_Data_Min_Save" duration-ms="28139" started-at="2021-02-24T19:41:34 IST" finished-at="2021-02-24T19:42:02 IST">
          <reporter-output>
          </reporter-output>
        </test-method> <!-- Pressure_Validation_PSI_Clear_Data_Min_Save -->
        <test-method status="PASS" signature="implictwaits()[pri:0, instance:com.nordson.testCases.TC_Pressure_Min_Max_Data_Validations@4f6ee6e4]" name="implictwaits" is-config="true" duration-ms="4" started-at="2021-02-24T19:42:02 IST" finished-at="2021-02-24T19:42:02 IST">
          <reporter-output>
          </reporter-output>
        </test-method> <!-- implictwaits -->
        <test-method status="PASS" signature="Pressure_Validation_PSI_Clear_Data_Max_Save()[pri:12, instance:com.nordson.testCases.TC_Pressure_Min_Max_Data_Validations@4f6ee6e4]" name="Pressure_Validation_PSI_Clear_Data_Max_Save" duration-ms="24249" started-at="2021-02-24T19:42:02 IST" finished-at="2021-02-24T19:42:27 IST">
          <reporter-output>
          </reporter-output>
        </test-method> <!-- Pressure_Validation_PSI_Clear_Data_Max_Save -->
        <test-method status="PASS" signature="implictwaits()[pri:0, instance:com.nordson.testCases.TC_Pressure_Min_Max_Data_Validations@4f6ee6e4]" name="implictwaits" is-config="true" duration-ms="17" started-at="2021-02-24T19:42:27 IST" finished-at="2021-02-24T19:42:27 IST">
          <reporter-output>
          </reporter-output>
        </test-method> <!-- implictwaits -->
        <test-method status="PASS" signature="PressureValues_PSI_Min_Max_0_101(java.lang.String, java.lang.String)[pri:13, instance:com.nordson.testCases.TC_Pressure_Min_Max_Data_Validations@4f6ee6e4]" name="PressureValues_PSI_Min_Max_0_101" duration-ms="21244" started-at="2021-02-24T19:42:27 IST" data-provider="PressureValues_PSI_MinMax_0_101" finished-at="2021-02-24T19:42:48 IST">
          <params>
            <param index="0">
              <value>
                <![CDATA[50]]>
              </value>
            </param>
            <param index="1">
              <value>
                <![CDATA[51]]>
              </value>
            </param>
          </params>
          <reporter-output>
          </reporter-output>
        </test-method> <!-- PressureValues_PSI_Min_Max_0_101 -->
        <test-method status="PASS" signature="implictwaits()[pri:0, instance:com.nordson.testCases.TC_Pressure_Min_Max_Data_Validations@4f6ee6e4]" name="implictwaits" is-config="true" duration-ms="3" started-at="2021-02-24T19:42:48 IST" finished-at="2021-02-24T19:42:48 IST">
          <reporter-output>
          </reporter-output>
        </test-method> <!-- implictwaits -->
        <test-method status="PASS" signature="PressureValues_PSI_Same_Min_Max(java.lang.String, java.lang.String)[pri:13, instance:com.nordson.testCases.TC_Pressure_Min_Max_Data_Validations@4f6ee6e4]" name="PressureValues_PSI_Same_Min_Max" duration-ms="21151" started-at="2021-02-24T19:42:48 IST" data-provider="PressureValues_PSI_MinMax_50_51" finished-at="2021-02-24T19:43:09 IST">
          <params>
            <param index="0">
              <value>
                <![CDATA[0]]>
              </value>
            </param>
            <param index="1">
              <value>
                <![CDATA[100]]>
              </value>
            </param>
          </params>
          <reporter-output>
          </reporter-output>
        </test-method> <!-- PressureValues_PSI_Same_Min_Max -->
        <test-method status="PASS" signature="implictwaits()[pri:0, instance:com.nordson.testCases.TC_Pressure_Min_Max_Data_Validations@4f6ee6e4]" name="implictwaits" is-config="true" duration-ms="5" started-at="2021-02-24T19:43:09 IST" finished-at="2021-02-24T19:43:09 IST">
          <reporter-output>
          </reporter-output>
        </test-method> <!-- implictwaits -->
        <test-method status="PASS" signature="PressureValues_PSI_Min_Max_0_100(java.lang.String, java.lang.String)[pri:14, instance:com.nordson.testCases.TC_Pressure_Min_Max_Data_Validations@4f6ee6e4]" name="PressureValues_PSI_Min_Max_0_100" duration-ms="9391" started-at="2021-02-24T19:43:09 IST" data-provider="PressureValues_PSI_MinMax_0_100" finished-at="2021-02-24T19:43:19 IST">
          <params>
            <param index="0">
              <value>
                <![CDATA[0]]>
              </value>
            </param>
            <param index="1">
              <value>
                <![CDATA[101]]>
              </value>
            </param>
          </params>
          <reporter-output>
          </reporter-output>
        </test-method> <!-- PressureValues_PSI_Min_Max_0_100 -->
        <test-method status="PASS" signature="tearDown()[pri:0, instance:com.nordson.testCases.TC_Pressure_Min_Max_Data_Validations@4f6ee6e4]" name="tearDown" is-config="true" duration-ms="689" started-at="2021-02-24T19:43:19 IST" finished-at="2021-02-24T19:43:19 IST">
          <reporter-output>
          </reporter-output>
        </test-method> <!-- tearDown -->
      </class> <!-- com.nordson.testCases.TC_Pressure_Min_Max_Data_Validations -->
      <class name="com.nordson.testCases.TC_Pressure_Validations_Kpa_Bar_Psi_Default_Values">
        <test-method status="PASS" signature="setUp(java.lang.String)[pri:0, instance:com.nordson.testCases.TC_Pressure_Validations_Kpa_Bar_Psi_Default_Values@1fa268de]" name="setUp" is-config="true" duration-ms="9216" started-at="2021-02-24T19:34:16 IST" finished-at="2021-02-24T19:34:25 IST">
          <params>
            <param index="0">
              <value>
                <![CDATA[chrome]]>
              </value>
            </param>
          </params>
          <reporter-output>
          </reporter-output>
        </test-method> <!-- setUp -->
        <test-method status="PASS" signature="implictwaits()[pri:0, instance:com.nordson.testCases.TC_Pressure_Validations_Kpa_Bar_Psi_Default_Values@1fa268de]" name="implictwaits" is-config="true" duration-ms="6" started-at="2021-02-24T19:34:25 IST" finished-at="2021-02-24T19:34:25 IST">
          <reporter-output>
          </reporter-output>
        </test-method> <!-- implictwaits -->
        <test-method status="PASS" signature="loginDDT(java.lang.String, java.lang.String)[pri:0, instance:com.nordson.testCases.TC_Pressure_Validations_Kpa_Bar_Psi_Default_Values@1fa268de]" name="loginDDT" duration-ms="6862" started-at="2021-02-24T19:34:25 IST" data-provider="LoginTestData" finished-at="2021-02-24T19:34:32 IST">
          <params>
            <param index="0">
              <value>
                <![CDATA[raviuser@yopmail.com]]>
              </value>
            </param>
            <param index="1">
              <value>
                <![CDATA[12345678]]>
              </value>
            </param>
          </params>
          <reporter-output>
          </reporter-output>
        </test-method> <!-- loginDDT -->
        <test-method status="PASS" signature="implictwaits()[pri:0, instance:com.nordson.testCases.TC_Pressure_Validations_Kpa_Bar_Psi_Default_Values@1fa268de]" name="implictwaits" is-config="true" duration-ms="8" started-at="2021-02-24T19:34:32 IST" finished-at="2021-02-24T19:34:32 IST">
          <reporter-output>
          </reporter-output>
        </test-method> <!-- implictwaits -->
        <test-method status="PASS" signature="Pressure_Validation_Kpa_default_values()[pri:1, instance:com.nordson.testCases.TC_Pressure_Validations_Kpa_Bar_Psi_Default_Values@1fa268de]" name="Pressure_Validation_Kpa_default_values" duration-ms="36986" started-at="2021-02-24T19:34:32 IST" finished-at="2021-02-24T19:35:09 IST">
          <reporter-output>
          </reporter-output>
        </test-method> <!-- Pressure_Validation_Kpa_default_values -->
        <test-method status="PASS" signature="implictwaits()[pri:0, instance:com.nordson.testCases.TC_Pressure_Validations_Kpa_Bar_Psi_Default_Values@1fa268de]" name="implictwaits" is-config="true" duration-ms="5" started-at="2021-02-24T19:35:09 IST" finished-at="2021-02-24T19:35:09 IST">
          <reporter-output>
          </reporter-output>
        </test-method> <!-- implictwaits -->
        <test-method status="PASS" signature="Pressure_Validation_BAR_default_values()[pri:2, instance:com.nordson.testCases.TC_Pressure_Validations_Kpa_Bar_Psi_Default_Values@1fa268de]" name="Pressure_Validation_BAR_default_values" duration-ms="36010" started-at="2021-02-24T19:35:09 IST" finished-at="2021-02-24T19:35:45 IST">
          <reporter-output>
          </reporter-output>
        </test-method> <!-- Pressure_Validation_BAR_default_values -->
        <test-method status="PASS" signature="implictwaits()[pri:0, instance:com.nordson.testCases.TC_Pressure_Validations_Kpa_Bar_Psi_Default_Values@1fa268de]" name="implictwaits" is-config="true" duration-ms="5" started-at="2021-02-24T19:35:45 IST" finished-at="2021-02-24T19:35:45 IST">
          <reporter-output>
          </reporter-output>
        </test-method> <!-- implictwaits -->
        <test-method status="PASS" signature="Pressure_Validation_PSI_default_values()[pri:3, instance:com.nordson.testCases.TC_Pressure_Validations_Kpa_Bar_Psi_Default_Values@1fa268de]" name="Pressure_Validation_PSI_default_values" duration-ms="31911" started-at="2021-02-24T19:35:45 IST" finished-at="2021-02-24T19:36:17 IST">
          <reporter-output>
          </reporter-output>
        </test-method> <!-- Pressure_Validation_PSI_default_values -->
        <test-method status="PASS" signature="implictwaits()[pri:0, instance:com.nordson.testCases.TC_Pressure_Validations_Kpa_Bar_Psi_Default_Values@1fa268de]" name="implictwaits" is-config="true" duration-ms="18" started-at="2021-02-24T19:36:17 IST" finished-at="2021-02-24T19:36:17 IST">
          <reporter-output>
          </reporter-output>
        </test-method> <!-- implictwaits -->
        <test-method status="PASS" signature="Pressure_Validation_Kpa_Default_Values_with_Hydraulic_Pump_Ratio_STD_STD_DA()[pri:4, instance:com.nordson.testCases.TC_Pressure_Validations_Kpa_Bar_Psi_Default_Values@1fa268de]" name="Pressure_Validation_Kpa_Default_Values_with_Hydraulic_Pump_Ratio_STD_STD_DA" duration-ms="40097" started-at="2021-02-24T19:36:17 IST" finished-at="2021-02-24T19:36:57 IST">
          <reporter-output>
          </reporter-output>
        </test-method> <!-- Pressure_Validation_Kpa_Default_Values_with_Hydraulic_Pump_Ratio_STD_STD_DA -->
        <test-method status="PASS" signature="implictwaits()[pri:0, instance:com.nordson.testCases.TC_Pressure_Validations_Kpa_Bar_Psi_Default_Values@1fa268de]" name="implictwaits" is-config="true" duration-ms="6" started-at="2021-02-24T19:36:57 IST" finished-at="2021-02-24T19:36:57 IST">
          <reporter-output>
          </reporter-output>
        </test-method> <!-- implictwaits -->
        <test-method status="PASS" signature="Pressure_Validation_BAR_Default_Values_with_Hydraulic_Pump_Ratio_STD_STD_DA()[pri:5, instance:com.nordson.testCases.TC_Pressure_Validations_Kpa_Bar_Psi_Default_Values@1fa268de]" name="Pressure_Validation_BAR_Default_Values_with_Hydraulic_Pump_Ratio_STD_STD_DA" duration-ms="35913" started-at="2021-02-24T19:36:57 IST" finished-at="2021-02-24T19:37:33 IST">
          <reporter-output>
          </reporter-output>
        </test-method> <!-- Pressure_Validation_BAR_Default_Values_with_Hydraulic_Pump_Ratio_STD_STD_DA -->
        <test-method status="PASS" signature="implictwaits()[pri:0, instance:com.nordson.testCases.TC_Pressure_Validations_Kpa_Bar_Psi_Default_Values@1fa268de]" name="implictwaits" is-config="true" duration-ms="5" started-at="2021-02-24T19:37:33 IST" finished-at="2021-02-24T19:37:33 IST">
          <reporter-output>
          </reporter-output>
        </test-method> <!-- implictwaits -->
        <test-method status="PASS" signature="Pressure_Validation_PSI_Default_Values_with_Hydraulic_Pump_Ratio_STD_STD_DA()[pri:6, instance:com.nordson.testCases.TC_Pressure_Validations_Kpa_Bar_Psi_Default_Values@1fa268de]" name="Pressure_Validation_PSI_Default_Values_with_Hydraulic_Pump_Ratio_STD_STD_DA" duration-ms="31886" started-at="2021-02-24T19:37:33 IST" finished-at="2021-02-24T19:38:05 IST">
          <reporter-output>
          </reporter-output>
        </test-method> <!-- Pressure_Validation_PSI_Default_Values_with_Hydraulic_Pump_Ratio_STD_STD_DA -->
        <test-method status="PASS" signature="tearDown()[pri:0, instance:com.nordson.testCases.TC_Pressure_Validations_Kpa_Bar_Psi_Default_Values@1fa268de]" name="tearDown" is-config="true" duration-ms="654" started-at="2021-02-24T19:38:05 IST" finished-at="2021-02-24T19:38:06 IST">
          <reporter-output>
          </reporter-output>
        </test-method> <!-- tearDown -->
      </class> <!-- com.nordson.testCases.TC_Pressure_Validations_Kpa_Bar_Psi_Default_Values -->
    </test> <!-- Nordson OMU Web App Regression Tests on Chrome -->
  </suite> <!-- Nordson OMU Web App Regression Tests on Chrome -->
</testng-results>
