<?xml version="1.0" encoding="UTF-8"?>
<!-- Generated by org.testng.reporters.JUnitXMLReporter -->
<testsuite hostname="SBWIN604" ignored="0" name="Nordson OMU Web App Test" tests="4" failures="0" timestamp="2020-11-19T19:58:50 IST" time="166.377" errors="0">
  <testcase name="LoginTest" time="8.019" classname="com.nordson.testCases.TC_LoginTest_001"/>
  <testcase name="loginDDT" time="9.994" classname="com.nordson.testCases.TC_LoginTest_DDT_001"/>
  <testcase name="RegistrationDDT" time="13.572" classname="com.nordson.testCases.TC_Registration_DDT_002"/>
  <testcase name="LinksLoginDDT" time="20.84" classname="com.nordson.testCases.TC_VerifyLinkTests_003"/>
</testsuite> <!-- Nordson OMU Web App Test -->
