<?xml version="1.0" encoding="UTF-8"?>
<testsuite name="Nordson OMU Web App Regression Tests on Chrome"
           tests="7"
           failures="0"
           errors="0"
           skipped="0"
           time="219.665">
  <properties />
  
  
            <testcase name="Pressure_Validation_PSI_default_values" time="31.911" classname="com.nordson.testCases.TC_Pressure_Validations_Kpa_Bar_Psi_Default_Values" />
                <testcase name="Pressure_Validation_Kpa_default_values" time="36.986" classname="com.nordson.testCases.TC_Pressure_Validations_Kpa_Bar_Psi_Default_Values" />
                <testcase name="Pressure_Validation_BAR_default_values" time="36.010" classname="com.nordson.testCases.TC_Pressure_Validations_Kpa_Bar_Psi_Default_Values" />
                <testcase name="Pressure_Validation_BAR_Default_Values_with_Hydraulic_Pump_Ratio_STD_STD_DA" time="35.913" classname="com.nordson.testCases.TC_Pressure_Validations_Kpa_Bar_Psi_Default_Values" />
                <testcase name="Pressure_Validation_PSI_Default_Values_with_Hydraulic_Pump_Ratio_STD_STD_DA" time="31.886" classname="com.nordson.testCases.TC_Pressure_Validations_Kpa_Bar_Psi_Default_Values" />
                <testcase name="loginDDT" time="6.862" classname="com.nordson.testCases.TC_Pressure_Validations_Kpa_Bar_Psi_Default_Values" />
                <testcase name="Pressure_Validation_Kpa_Default_Values_with_Hydraulic_Pump_Ratio_STD_STD_DA" time="40.097" classname="com.nordson.testCases.TC_Pressure_Validations_Kpa_Bar_Psi_Default_Values" />
      
</testsuite>
