<?xml version="1.0" encoding="UTF-8"?>
<testsuite name="Nordson OMU Web App Regression Tests on Chrome"
           tests="29"
           failures="0"
           errors="0"
           skipped="0"
           time="597.922">
  <properties />
  
  
            <testcase name="Pressure_Validation_Kpa_Clear_Data_Min_Save" time="34.698" classname="com.nordson.testCases.TC_Pressure_Min_Max_Data_Validations" />
                <testcase name="PressureValues_Kpa_Min_0_Max_691" time="21.826" classname="com.nordson.testCases.TC_Pressure_Min_Max_Data_Validations" />
                <testcase name="PressureValues_PSI_Min_Max_0_101" time="21.944" classname="com.nordson.testCases.TC_Pressure_Min_Max_Data_Validations" />
                <testcase name="Pressure_Validation_BAR_Clear_Data_Min_Save" time="29.152" classname="com.nordson.testCases.TC_Pressure_Min_Max_Data_Validations" />
                <testcase name="PressureValues_Kpa_Min_0_Max_691" time="22.003" classname="com.nordson.testCases.TC_Pressure_Min_Max_Data_Validations" />
                <testcase name="loginDDT" time="7.110" classname="com.nordson.testCases.TC_Pressure_Min_Max_Data_Validations" />
                <testcase name="PressureValues_Kpa_Min_0_Max_0" time="21.813" classname="com.nordson.testCases.TC_Pressure_Min_Max_Data_Validations" />
                <testcase name="PressureValues_Kpa_Min_0_Max_0" time="21.835" classname="com.nordson.testCases.TC_Pressure_Min_Max_Data_Validations" />
                <testcase name="PressureValues_Kpa_Min_0_Max_0" time="21.876" classname="com.nordson.testCases.TC_Pressure_Min_Max_Data_Validations" />
                <testcase name="PressureValues_Kpa_Min_0_Max_691" time="21.735" classname="com.nordson.testCases.TC_Pressure_Min_Max_Data_Validations" />
                <testcase name="PressureValues_BAR_Same_Min_Max" time="21.809" classname="com.nordson.testCases.TC_Pressure_Min_Max_Data_Validations" />
                <testcase name="PressureValues_BAR_Same_Min_Max" time="21.769" classname="com.nordson.testCases.TC_Pressure_Min_Max_Data_Validations" />
                <testcase name="PressureValues_PSI_Min_Max_0_101" time="21.746" classname="com.nordson.testCases.TC_Pressure_Min_Max_Data_Validations" />
                <testcase name="Pressure_Validation_Kpa_Clear_Data_Max_Save" time="9.830" classname="com.nordson.testCases.TC_Pressure_Min_Max_Data_Validations" />
                <testcase name="PressureValues_PSI_Same_Min_Max" time="21.789" classname="com.nordson.testCases.TC_Pressure_Min_Max_Data_Validations" />
                <testcase name="PressureValues_PSI_Min_Max_0_101" time="21.844" classname="com.nordson.testCases.TC_Pressure_Min_Max_Data_Validations" />
                <testcase name="PressureValues_Kpa_Min_0_Max_0" time="21.955" classname="com.nordson.testCases.TC_Pressure_Min_Max_Data_Validations" />
                <testcase name="PressureValues_Min_19_Max_2" time="21.942" classname="com.nordson.testCases.TC_Pressure_Min_Max_Data_Validations" />
                <testcase name="PressureValues_PSI_Min_Max_0_101" time="21.783" classname="com.nordson.testCases.TC_Pressure_Min_Max_Data_Validations" />
                <testcase name="PressureValuesMin_0_Max_690" time="6.727" classname="com.nordson.testCases.TC_Pressure_Min_Max_Data_Validations" />
                <testcase name="PressureValues_Kpa_Min_0_Max_0" time="22.000" classname="com.nordson.testCases.TC_Pressure_Min_Max_Data_Validations" />
                <testcase name="Pressure_Validation_PSI_Clear_Data_Min_Save" time="29.330" classname="com.nordson.testCases.TC_Pressure_Min_Max_Data_Validations" />
                <testcase name="PressureValues_Kpa_Min_0_Max_690" time="6.662" classname="com.nordson.testCases.TC_Pressure_Min_Max_Data_Validations" />
                <testcase name="Pressure_Validation_PSI_Clear_Data_Max_Save" time="24.800" classname="com.nordson.testCases.TC_Pressure_Min_Max_Data_Validations" />
                <testcase name="Pressure_Validation_BAR_Clear_Data_Max_Save" time="24.826" classname="com.nordson.testCases.TC_Pressure_Min_Max_Data_Validations" />
                <testcase name="PressureValues_BAR_Same_Min_Max" time="21.858" classname="com.nordson.testCases.TC_Pressure_Min_Max_Data_Validations" />
                <testcase name="PressureValues_BAR_Same_Min_Max" time="21.893" classname="com.nordson.testCases.TC_Pressure_Min_Max_Data_Validations" />
                <testcase name="PressureValues_PSI_Min_Max_0_101" time="21.764" classname="com.nordson.testCases.TC_Pressure_Min_Max_Data_Validations" />
                <testcase name="PressureValues_PSI_Min_Max_0_100" time="9.603" classname="com.nordson.testCases.TC_Pressure_Min_Max_Data_Validations" />
      
</testsuite>
