<?xml version="1.0" encoding="UTF-8"?>
<testsuite name="Nordson OMU Web App Regression Tests on Chrome"
           tests="3"
           failures="0"
           errors="0"
           skipped="0"
           time="59.459">
  <properties />
  
  
            <testcase name="PressureValues_Kpa_Min_40" time="22.885" classname="com.nordson.testCases.TC_Pressure_Data_MDS" />
                <testcase name="loginDDT" time="7.137" classname="com.nordson.testCases.TC_Pressure_Data_MDS" />
                <testcase name="Pressure_Data_MDS_File" time="29.437" classname="com.nordson.testCases.TC_Pressure_Data_MDS" />
      
</testsuite>
