<?xml version="1.0" encoding="UTF-8"?>
<testsuite name="Nordson OMU Web App Regression Tests on Chrome"
           tests="16"
           failures="0"
           errors="0"
           skipped="0"
           time="303.638">
  <properties />
  
  
            <testcase name="PressureValues_Kpa_Min_0_Max_690" time="6.434" classname="com.nordson.testCases.TC_Pressure_Min_Max_Data_Validations" />
                <testcase name="PressureValues_Kpa_Min_0_Max_0" time="21.068" classname="com.nordson.testCases.TC_Pressure_Min_Max_Data_Validations" />
                <testcase name="PressureValues_PSI_Min_Max_0_100" time="9.391" classname="com.nordson.testCases.TC_Pressure_Min_Max_Data_Validations" />
                <testcase name="loginDDT" time="6.776" classname="com.nordson.testCases.TC_Pressure_Min_Max_Data_Validations" />
                <testcase name="Pressure_Validation_PSI_Clear_Data_Max_Save" time="24.249" classname="com.nordson.testCases.TC_Pressure_Min_Max_Data_Validations" />
                <testcase name="PressureValues_Kpa_Min_0_Max_691" time="21.221" classname="com.nordson.testCases.TC_Pressure_Min_Max_Data_Validations" />
                <testcase name="Pressure_Validation_Kpa_Clear_Data_Max_Save" time="9.582" classname="com.nordson.testCases.TC_Pressure_Min_Max_Data_Validations" />
                <testcase name="Pressure_Validation_BAR_Clear_Data_Max_Save" time="24.327" classname="com.nordson.testCases.TC_Pressure_Min_Max_Data_Validations" />
                <testcase name="PressureValues_Min_19_Max_2" time="21.158" classname="com.nordson.testCases.TC_Pressure_Min_Max_Data_Validations" />
                <testcase name="Pressure_Validation_Kpa_Clear_Data_Min_Save" time="33.200" classname="com.nordson.testCases.TC_Pressure_Min_Max_Data_Validations" />
                <testcase name="Pressure_Validation_BAR_Clear_Data_Min_Save" time="28.120" classname="com.nordson.testCases.TC_Pressure_Min_Max_Data_Validations" />
                <testcase name="PressureValues_BAR_Same_Min_Max" time="21.229" classname="com.nordson.testCases.TC_Pressure_Min_Max_Data_Validations" />
                <testcase name="PressureValues_PSI_Same_Min_Max" time="21.151" classname="com.nordson.testCases.TC_Pressure_Min_Max_Data_Validations" />
                <testcase name="Pressure_Validation_PSI_Clear_Data_Min_Save" time="28.139" classname="com.nordson.testCases.TC_Pressure_Min_Max_Data_Validations" />
                <testcase name="PressureValuesMin_0_Max_690" time="6.349" classname="com.nordson.testCases.TC_Pressure_Min_Max_Data_Validations" />
                <testcase name="PressureValues_PSI_Min_Max_0_101" time="21.244" classname="com.nordson.testCases.TC_Pressure_Min_Max_Data_Validations" />
      
</testsuite>
