<?xml version="1.0" encoding="UTF-8"?>
<!-- Generated by org.testng.reporters.JUnitXMLReporter -->
<testsuite hostname="SBWIN604" ignored="0" name="Nordson OMU Web App Regression Tests on Chrome" tests="36" failures="0" timestamp="2021-03-19T17:54:32 IST" time="853.619" errors="0">
  <testcase name="loginDDT" time="6.997" classname="com.nordson.testCases.TC_LoginTest_DDT_001"/>
  <testcase name="Pressure_Validation_Kpa_default_values" time="37.762" classname="com.nordson.testCases.TC_Pressure_Validations_Kpa_Bar_Psi_Default_Values"/>
  <testcase name="Pressure_Validation_BAR_default_values" time="36.748" classname="com.nordson.testCases.TC_Pressure_Validations_Kpa_Bar_Psi_Default_Values"/>
  <testcase name="Pressure_Validation_PSI_default_values" time="32.661" classname="com.nordson.testCases.TC_Pressure_Validations_Kpa_Bar_Psi_Default_Values"/>
  <testcase name="Pressure_Validation_Kpa_Default_Values_with_Hydraulic_Pump_Ratio_STD_STD_DA" time="41.294" classname="com.nordson.testCases.TC_Pressure_Validations_Kpa_Bar_Psi_Default_Values"/>
  <testcase name="Pressure_Validation_BAR_Default_Values_with_Hydraulic_Pump_Ratio_STD_STD_DA" time="36.553" classname="com.nordson.testCases.TC_Pressure_Validations_Kpa_Bar_Psi_Default_Values"/>
  <testcase name="Pressure_Validation_PSI_Default_Values_with_Hydraulic_Pump_Ratio_STD_STD_DA" time="32.53" classname="com.nordson.testCases.TC_Pressure_Validations_Kpa_Bar_Psi_Default_Values"/>
  <testcase name="loginDDT" time="7.11" classname="com.nordson.testCases.TC_LoginTest_DDT_001"/>
  <testcase name="Pressure_Validation_Kpa_Clear_Data_Min_Save" time="34.698" classname="com.nordson.testCases.TC_Pressure_Min_Max_Data_Validations"/>
  <testcase name="Pressure_Validation_Kpa_Clear_Data_Max_Save" time="9.83" classname="com.nordson.testCases.TC_Pressure_Min_Max_Data_Validations"/>
  <testcase name="PressureValues_Kpa_Min_0_Max_0" time="22.0" classname="com.nordson.testCases.TC_Pressure_Min_Max_Data_Validations"/>
  <testcase name="PressureValues_Kpa_Min_0_Max_0" time="21.955" classname="com.nordson.testCases.TC_Pressure_Min_Max_Data_Validations"/>
  <testcase name="PressureValues_Kpa_Min_0_Max_0" time="21.813" classname="com.nordson.testCases.TC_Pressure_Min_Max_Data_Validations"/>
  <testcase name="PressureValues_Kpa_Min_0_Max_0" time="21.876" classname="com.nordson.testCases.TC_Pressure_Min_Max_Data_Validations"/>
  <testcase name="PressureValues_Kpa_Min_0_Max_0" time="21.835" classname="com.nordson.testCases.TC_Pressure_Min_Max_Data_Validations"/>
  <testcase name="PressureValues_Kpa_Min_0_Max_691" time="21.735" classname="com.nordson.testCases.TC_Pressure_Min_Max_Data_Validations"/>
  <testcase name="PressureValues_Kpa_Min_0_Max_691" time="21.826" classname="com.nordson.testCases.TC_Pressure_Min_Max_Data_Validations"/>
  <testcase name="PressureValues_Kpa_Min_0_Max_691" time="22.003" classname="com.nordson.testCases.TC_Pressure_Min_Max_Data_Validations"/>
  <testcase name="PressureValues_Kpa_Min_0_Max_690" time="6.662" classname="com.nordson.testCases.TC_Pressure_Min_Max_Data_Validations"/>
  <testcase name="Pressure_Validation_BAR_Clear_Data_Min_Save" time="29.152" classname="com.nordson.testCases.TC_Pressure_Min_Max_Data_Validations"/>
  <testcase name="Pressure_Validation_BAR_Clear_Data_Max_Save" time="24.826" classname="com.nordson.testCases.TC_Pressure_Min_Max_Data_Validations"/>
  <testcase name="PressureValues_BAR_Same_Min_Max" time="21.858" classname="com.nordson.testCases.TC_Pressure_Min_Max_Data_Validations"/>
  <testcase name="PressureValues_BAR_Same_Min_Max" time="21.809" classname="com.nordson.testCases.TC_Pressure_Min_Max_Data_Validations"/>
  <testcase name="PressureValues_BAR_Same_Min_Max" time="21.893" classname="com.nordson.testCases.TC_Pressure_Min_Max_Data_Validations"/>
  <testcase name="PressureValues_BAR_Same_Min_Max" time="21.769" classname="com.nordson.testCases.TC_Pressure_Min_Max_Data_Validations"/>
  <testcase name="PressureValues_Min_19_Max_2" time="21.942" classname="com.nordson.testCases.TC_Pressure_Min_Max_Data_Validations"/>
  <testcase name="PressureValuesMin_0_Max_690" time="6.727" classname="com.nordson.testCases.TC_Pressure_Min_Max_Data_Validations"/>
  <testcase name="Pressure_Validation_PSI_Clear_Data_Min_Save" time="29.33" classname="com.nordson.testCases.TC_Pressure_Min_Max_Data_Validations"/>
  <testcase name="Pressure_Validation_PSI_Clear_Data_Max_Save" time="24.8" classname="com.nordson.testCases.TC_Pressure_Min_Max_Data_Validations"/>
  <testcase name="PressureValues_PSI_Min_Max_0_101" time="21.944" classname="com.nordson.testCases.TC_Pressure_Min_Max_Data_Validations"/>
  <testcase name="PressureValues_PSI_Min_Max_0_101" time="21.783" classname="com.nordson.testCases.TC_Pressure_Min_Max_Data_Validations"/>
  <testcase name="PressureValues_PSI_Min_Max_0_101" time="21.844" classname="com.nordson.testCases.TC_Pressure_Min_Max_Data_Validations"/>
  <testcase name="PressureValues_PSI_Min_Max_0_101" time="21.764" classname="com.nordson.testCases.TC_Pressure_Min_Max_Data_Validations"/>
  <testcase name="PressureValues_PSI_Min_Max_0_101" time="21.746" classname="com.nordson.testCases.TC_Pressure_Min_Max_Data_Validations"/>
  <testcase name="PressureValues_PSI_Same_Min_Max" time="21.789" classname="com.nordson.testCases.TC_Pressure_Min_Max_Data_Validations"/>
  <testcase name="PressureValues_PSI_Min_Max_0_100" time="9.603" classname="com.nordson.testCases.TC_Pressure_Min_Max_Data_Validations"/>
</testsuite> <!-- Nordson OMU Web App Regression Tests on Chrome -->
